# JRE version: Java(TM) SE Runtime Environment (8.0_121-b13) (build 1.8.0_121-b13)
# Java VM: Java HotSpot(TM) Client VM (25.121-b13 mixed mode windows-x86 )
Heap:
 def new generation   total 32448K, used 12574K [0x04a00000, 0x06d30000, 0x09f50000)
  eden space 28864K,  43% used [0x04a00000, 0x05647a80, 0x06630000)
  from space 3584K,   0% used [0x06630000, 0x06630000, 0x069b0000)
  to   space 3584K,   0% used [0x069b0000, 0x069b0000, 0x06d30000)
 tenured generation   total 72040K, used 43223K [0x09f50000, 0x0e5aa000, 0x14a00000)
   the space 72040K,  59% used [0x09f50000, 0x0c985f00, 0x0c986000, 0x0e5aa000)
 Metaspace       used 10336K, capacity 10794K, committed 10880K, reserved 11648K
GC Heap History (10 events):
Event: 0.811 GC heap before
{Heap before GC invocations=15 (full 2):
 def new generation   total 11456K, used 10240K [0x04a00000, 0x05660000, 0x09f50000)
  eden space 10240K, 100% used [0x04a00000, 0x05400000, 0x05400000)
  from space 1216K,   0% used [0x05400000, 0x05400000, 0x05530000)
  to   space 1216K,   0% used [0x05530000, 0x05530000, 0x05660000)
 tenured generation   total 36024K, used 25902K [0x09f50000, 0x0c27e000, 0x14a00000)
   the space 36024K,  71% used [0x09f50000, 0x0b89b8a0, 0x0b89ba00, 0x0c27e000)
 Metaspace       used 8062K, capacity 8249K, committed 8320K, reserved 8576K
Event: 0.811 GC heap after
Heap after GC invocations=16 (full 2):
 def new generation   total 11456K, used 6K [0x04a00000, 0x05660000, 0x09f50000)
  eden space 10240K,   0% used [0x04a00000, 0x04a00000, 0x05400000)
  from space 1216K,   0% used [0x05530000, 0x05531be8, 0x05660000)
  to   space 1216K,   0% used [0x05400000, 0x05400000, 0x05530000)
 tenured generation   total 36024K, used 25902K [0x09f50000, 0x0c27e000, 0x14a00000)
   the space 36024K,  71% used [0x09f50000, 0x0b89b8a0, 0x0b89ba00, 0x0c27e000)
 Metaspace       used 8062K, capacity 8249K, committed 8320K, reserved 8576K
}
Event: 2.206 GC heap before
{Heap before GC invocations=16 (full 2):
 def new generation   total 11456K, used 10246K [0x04a00000, 0x05660000, 0x09f50000)
  eden space 10240K, 100% used [0x04a00000, 0x05400000, 0x05400000)
  from space 1216K,   0% used [0x05530000, 0x05531be8, 0x05660000)
  to   space 1216K,   0% used [0x05400000, 0x05400000, 0x05530000)
 tenured generation   total 36024K, used 25902K [0x09f50000, 0x0c27e000, 0x14a00000)
   the space 36024K,  71% used [0x09f50000, 0x0b89b8a0, 0x0b89ba00, 0x0c27e000)
 Metaspace       used 9179K, capacity 9423K, committed 9472K, reserved 9600K
Event: 2.211 GC heap after
Heap after GC invocations=17 (full 2):
 def new generation   total 11456K, used 777K [0x04a00000, 0x05660000, 0x09f50000)
  eden space 10240K,   0% used [0x04a00000, 0x04a00000, 0x05400000)
  from space 1216K,  63% used [0x05400000, 0x054c25c8, 0x05530000)
  to   space 1216K,   0% used [0x05530000, 0x05530000, 0x05660000)
 tenured generation   total 36024K, used 30011K [0x09f50000, 0x0c27e000, 0x14a00000)
   the space 36024K,  83% used [0x09f50000, 0x0bc9efd8, 0x0bc9f000, 0x0c27e000)
 Metaspace       used 9179K, capacity 9423K, committed 9472K, reserved 9600K
}
Event: 2.293 GC heap before
{Heap before GC invocations=17 (full 2):
 def new generation   total 11456K, used 6796K [0x04a00000, 0x05660000, 0x09f50000)
  eden space 10240K,  58% used [0x04a00000, 0x04fe0d70, 0x05400000)
  from space 1216K,  63% used [0x05400000, 0x054c25c8, 0x05530000)
  to   space 1216K,   0% used [0x05530000, 0x05530000, 0x05660000)
 tenured generation   total 36024K, used 30011K [0x09f50000, 0x0c27e000, 0x14a00000)
   the space 36024K,  83% used [0x09f50000, 0x0bc9efd8, 0x0bc9f000, 0x0c27e000)
 Metaspace       used 10120K, capacity 10530K, committed 10624K, reserved 10624K
Event: 2.317 GC heap after
Heap after GC invocations=18 (full 3):
 def new generation   total 24704K, used 0K [0x04a00000, 0x064c0000, 0x09f50000)
  eden space 22016K,   0% used [0x04a00000, 0x04a00000, 0x05f80000)
  from space 2688K,   0% used [0x05f80000, 0x05f80000, 0x06220000)
  to   space 2688K,   0% used [0x06220000, 0x06220000, 0x064c0000)
 tenured generation   total 54732K, used 32838K [0x09f50000, 0x0d4c3000, 0x14a00000)
   the space 54732K,  59% used [0x09f50000, 0x0bf61b48, 0x0bf61c00, 0x0d4c3000)
 Metaspace       used 10120K, capacity 10530K, committed 10624K, reserved 10624K
}
Event: 2.331 GC heap before
{Heap before GC invocations=18 (full 3):
 def new generation   total 24704K, used 22016K [0x04a00000, 0x064c0000, 0x09f50000)
  eden space 22016K, 100% used [0x04a00000, 0x05f80000, 0x05f80000)
  from space 2688K,   0% used [0x05f80000, 0x05f80000, 0x06220000)
  to   space 2688K,   0% used [0x06220000, 0x06220000, 0x064c0000)
 tenured generation   total 54732K, used 32838K [0x09f50000, 0x0d4c3000, 0x14a00000)
   the space 54732K,  59% used [0x09f50000, 0x0bf61b48, 0x0bf61c00, 0x0d4c3000)
 Metaspace       used 10168K, capacity 10590K, committed 10624K, reserved 10624K
Event: 2.340 GC heap after
Heap after GC invocations=19 (full 3):
 def new generation   total 24704K, used 203K [0x04a00000, 0x064c0000, 0x09f50000)
  eden space 22016K,   0% used [0x04a00000, 0x04a00000, 0x05f80000)
  from space 2688K,   7% used [0x06220000, 0x06252f38, 0x064c0000)
  to   space 2688K,   0% used [0x05f80000, 0x05f80000, 0x06220000)
 tenured generation   total 54732K, used 54291K [0x09f50000, 0x0d4c3000, 0x14a00000)
   the space 54732K,  99% used [0x09f50000, 0x0d454d38, 0x0d454e00, 0x0d4c3000)
 Metaspace       used 10168K, capacity 10590K, committed 10624K, reserved 10624K
}
Event: 114.796 GC heap before
{Heap before GC invocations=19 (full 3):
 def new generation   total 24704K, used 16272K [0x04a00000, 0x064c0000, 0x09f50000)
  eden space 22016K,  72% used [0x04a00000, 0x059b1340, 0x05f80000)
  from space 2688K,   7% used [0x06220000, 0x06252f38, 0x064c0000)
  to   space 2688K,   0% used [0x05f80000, 0x05f80000, 0x06220000)
 tenured generation   total 54732K, used 54291K [0x09f50000, 0x0d4c3000, 0x14a00000)
   the space 54732K,  99% used [0x09f50000, 0x0d454d38, 0x0d454e00, 0x0d4c3000)
 Metaspace       used 10344K, capacity 10814K, committed 10880K, reserved 11648K
Event: 114.831 GC heap after
Heap after GC invocations=20 (full 4):
 def new generation   total 32448K, used 0K [0x04a00000, 0x06d30000, 0x09f50000)
  eden space 28864K,   0% used [0x04a00000, 0x04a00000, 0x06630000)
  from space 3584K,   0% used [0x06630000, 0x06630000, 0x069b0000)
  to   space 3584K,   0% used [0x069b0000, 0x069b0000, 0x06d30000)
 tenured generation   total 72040K, used 43223K [0x09f50000, 0x0e5aa000, 0x14a00000)
   the space 72040K,  59% used [0x09f50000, 0x0c985f00, 0x0c986000, 0x0e5aa000)
 Metaspace       used 10336K, capacity 10794K, committed 10880K, reserved 11648K
}

